<?xml version="1.0" encoding="UTF-8"?>
<testng-results ignored="0" total="1" passed="1" failed="0" skipped="0">
  <reporter-output>
  </reporter-output>
  <suite started-at="2020-07-22T00:45:28Z" name="Default suite" finished-at="2020-07-22T00:45:28Z" duration-ms="29">
    <groups>
    </groups>
    <test started-at="2020-07-22T00:45:28Z" name="Default test" finished-at="2020-07-22T00:45:28Z" duration-ms="29">
      <class name="com.ecommerce.flipkart.Tester">
        <test-method signature="testLogin()[pri:0, instance:com.ecommerce.flipkart.Tester@7ee8290b]" started-at="2020-07-22T00:45:28Z" name="testLogin" finished-at="2020-07-22T00:45:28Z" duration-ms="9" status="PASS">
          <reporter-output>
          </reporter-output>
        </test-method> <!-- testLogin -->
      </class> <!-- com.ecommerce.flipkart.Tester -->
    </test> <!-- Default test -->
  </suite> <!-- Default suite -->
</testng-results>
